Using pre-set license
Built from '2020.2/release' branch; Version is '2020.2.0f1 (3721df5a8b28) revision 3613151'; Using compiler version '192528614'; Build Type 'Release'
OS: 'Windows 10  (10.0.0) 64bit' Language: 'en' Physical Memory: 8117 MB
BatchMode: 1, IsHumanControllingUs: 0, StartBugReporterOnCrash: 0, Is64bit: 1, IsPro: 0

 COMMAND LINE ARGUMENTS:
D:\Software\Unity2020.2\Unity\Editor\Unity.exe
-adb2
-batchMode
-noUpm
-name
AssetImportWorker0
-projectPath
D:/Software/ThomasMenghitungRodaBelakang
-logFile
Logs/AssetImportWorker0.log
-srvPort
60213
Successfully changed project path to: D:/Software/ThomasMenghitungRodaBelakang
D:/Software/ThomasMenghitungRodaBelakang
Using Asset Import Pipeline V2.
Refreshing native plugins compatible for Editor in 123.89 ms, found 1 plugins.
Preloading 0 native plugins for Editor in 0.00 ms.
Initialize engine version: 2020.2.0f1 (3721df5a8b28)
[Subsystems] Discovering subsystems at path D:/Software/Unity2020.2/Unity/Editor/Data/Resources/UnitySubsystems
[Subsystems] Discovering subsystems at path D:/Software/ThomasMenghitungRodaBelakang/Assets
GfxDevice: creating device client; threaded=0
Direct3D:
    Version:  Direct3D 11.0 [level 11.1]
    Renderer: Intel(R) HD Graphics Family (ID=0xa16)
    Vendor:   
    VRAM:     2048 MB
    Driver:   20.19.15.4531
Initialize mono
Mono path[0] = 'D:/Software/Unity2020.2/Unity/Editor/Data/Managed'
Mono path[1] = 'D:/Software/Unity2020.2/Unity/Editor/Data/MonoBleedingEdge/lib/mono/unityjit'
Mono config path = 'D:/Software/Unity2020.2/Unity/Editor/Data/MonoBleedingEdge/etc'
Using monoOptions --debugger-agent=transport=dt_socket,embedding=1,server=y,suspend=n,address=127.0.0.1:56464
Begin MonoManager ReloadAssembly
Registering precompiled unity dll's ...
Register platform support module: D:/Software/Unity2020.2/Unity/Editor/Data/PlaybackEngines/WebGLSupport/UnityEditor.WebGL.Extensions.dll
Register platform support module: D:/Software/Unity2020.2/Unity/Editor/Data/PlaybackEngines/WindowsStandaloneSupport/UnityEditor.WindowsStandalone.Extensions.dll
Registered in 0.002857 seconds.
Native extension for WindowsStandalone target not found
Native extension for WebGL target not found
Refreshing native plugins compatible for Editor in 161.92 ms, found 1 plugins.
Preloading 0 native plugins for Editor in 0.00 ms.
Invoked RoslynAnalysisRunner static constructor.
RoslynAnalysisRunner will not be running.
RoslynAnalysisRunner has terminated.
Mono: successfully reloaded assembly
- Completed reload, in  2.841 seconds
Platform modules already initialized, skipping
Registering precompiled user dll's ...
Registered in 0.003036 seconds.
Begin MonoManager ReloadAssembly
Native extension for WindowsStandalone target not found
Native extension for WebGL target not found
Refreshing native plugins compatible for Editor in 143.01 ms, found 1 plugins.
Preloading 0 native plugins for Editor in 0.00 ms.
Invoked RoslynAnalysisRunner static constructor.
RoslynAnalysisRunner will not be running.
RoslynAnalysisRunner has terminated.
Mono: successfully reloaded assembly
- Completed reload, in  2.974 seconds
Platform modules already initialized, skipping
========================================================================
Worker process is ready to serve import requests
Launched and connected shader compiler UnityShaderCompiler.exe after 0.10 seconds
Refreshing native plugins compatible for Editor in 0.91 ms, found 1 plugins.
Preloading 0 native plugins for Editor in 0.00 ms.
Unloading 1798 Unused Serialized files (Serialized files now loaded: 0)
System memory in use before: 85.1 MB.
System memory in use after: 85.1 MB.

Unloading 24 unused Assets to reduce memory usage. Loaded Objects now: 2248.
Total: 13.358600 ms (FindLiveObjects: 1.189300 ms CreateObjectMapping: 0.273100 ms MarkObjects: 11.314800 ms  DeleteObjects: 0.578200 ms)

========================================================================
Received Import Request.
  path: Assets/Arts/grass_tile.png
  artifactKey: Guid(d3f040ba8019f264ca608032f98aa3ea) Importer(815301076,1909f56bfc062723c751e8b465ee728b)
Start importing Assets/Arts/grass_tile.png using Guid(d3f040ba8019f264ca608032f98aa3ea) Importer(815301076,1909f56bfc062723c751e8b465ee728b)  -> (artifact id: '830261051ab76c161e42a480a16a535a') in 0.293961 seconds
  Import took 0.303403 seconds .

========================================================================
Received Import Request.
  Time since last request: 0.000531 seconds.
  path: Assets/Arts/Rail_samping.png
  artifactKey: Guid(ab522de2776895b4e851de145002789c) Importer(815301076,1909f56bfc062723c751e8b465ee728b)
Start importing Assets/Arts/Rail_samping.png using Guid(ab522de2776895b4e851de145002789c) Importer(815301076,1909f56bfc062723c751e8b465ee728b)  -> (artifact id: 'b89aeca6e912c916f85fb2821a802d30') in 0.092189 seconds
  Import took 0.098284 seconds .

========================================================================
Received Import Request.
  Time since last request: 0.001272 seconds.
  path: Assets/Arts/Gerbong_Kereta_bawah.png
  artifactKey: Guid(c8a68420b40810a4bb4ebdad36868487) Importer(815301076,1909f56bfc062723c751e8b465ee728b)
Start importing Assets/Arts/Gerbong_Kereta_bawah.png using Guid(c8a68420b40810a4bb4ebdad36868487) Importer(815301076,1909f56bfc062723c751e8b465ee728b)  -> (artifact id: '7d1283ce905d5aa204eb550ccd50f949') in 0.019143 seconds
  Import took 0.038634 seconds .

========================================================================
Received Import Request.
  Time since last request: 0.000600 seconds.
  path: Assets/Arts/Main_Kereta_saming.png
  artifactKey: Guid(e22317a4afadd1343a9144cc3971f4c6) Importer(815301076,1909f56bfc062723c751e8b465ee728b)
Start importing Assets/Arts/Main_Kereta_saming.png using Guid(e22317a4afadd1343a9144cc3971f4c6) Importer(815301076,1909f56bfc062723c751e8b465ee728b)  -> (artifact id: 'b7445beb03aec8bc5ebfd351bdd93f1a') in 0.046564 seconds
  Import took 0.065706 seconds .

========================================================================
Received Import Request.
  Time since last request: 0.001713 seconds.
  path: Assets/Arts/Arrow.png
  artifactKey: Guid(7936baeb2f2bc0642965b8d3f56bc9f2) Importer(815301076,1909f56bfc062723c751e8b465ee728b)
Start importing Assets/Arts/Arrow.png using Guid(7936baeb2f2bc0642965b8d3f56bc9f2) Importer(815301076,1909f56bfc062723c751e8b465ee728b)  -> (artifact id: 'af67c751ec88147a19efdc980b1de6e3') in 0.015648 seconds
  Import took 0.028517 seconds .

========================================================================
Received Import Request.
  Time since last request: 0.000472 seconds.
  path: Assets/Arts/Main_Kereta_front.png
  artifactKey: Guid(bf264408839ad924eb915449b0a6edcb) Importer(815301076,1909f56bfc062723c751e8b465ee728b)
Start importing Assets/Arts/Main_Kereta_front.png using Guid(bf264408839ad924eb915449b0a6edcb) Importer(815301076,1909f56bfc062723c751e8b465ee728b)  -> (artifact id: '6cedd0e22e1d97765818606debec2e02') in 0.015484 seconds
  Import took 0.021526 seconds .

========================================================================
Received Import Request.
  Time since last request: 0.000461 seconds.
  path: Assets/Arts/Rail.png
  artifactKey: Guid(c6ed4e6b01aef5e499af75b9e7bd8bc8) Importer(815301076,1909f56bfc062723c751e8b465ee728b)
Start importing Assets/Arts/Rail.png using Guid(c6ed4e6b01aef5e499af75b9e7bd8bc8) Importer(815301076,1909f56bfc062723c751e8b465ee728b)  -> (artifact id: '8dea42d601fa0344f557185a1cc0aeba') in 0.015319 seconds
  Import took 0.022241 seconds .

========================================================================
Received Import Request.
  Time since last request: 0.000238 seconds.
  path: Assets/Arts/Gerbong_Kereta_samping.png
  artifactKey: Guid(3475ca3aeeaee0845b8b289be5f4706a) Importer(815301076,1909f56bfc062723c751e8b465ee728b)
Start importing Assets/Arts/Gerbong_Kereta_samping.png using Guid(3475ca3aeeaee0845b8b289be5f4706a) Importer(815301076,1909f56bfc062723c751e8b465ee728b)  -> (artifact id: 'fefa920d35e8352dd38bd3fbc09157e1') in 0.034461 seconds
  Import took 0.047824 seconds .

========================================================================
Received Import Request.
  Time since last request: 0.000644 seconds.
  path: Assets/Arts/Gerbong_Kereta_front.png
  artifactKey: Guid(566c2d264865f2f45ada437555f69f1b) Importer(815301076,1909f56bfc062723c751e8b465ee728b)
Start importing Assets/Arts/Gerbong_Kereta_front.png using Guid(566c2d264865f2f45ada437555f69f1b) Importer(815301076,1909f56bfc062723c751e8b465ee728b)  -> (artifact id: '22b08456c7dca5962741d2e8dfc20718') in 0.023646 seconds
  Import took 0.034443 seconds .

========================================================================
Received Import Request.
  Time since last request: 0.003015 seconds.
  path: Assets/Arts/Main_Kereta_bawah.png
  artifactKey: Guid(1d91b0257d10533449b4e267d11239de) Importer(815301076,1909f56bfc062723c751e8b465ee728b)
Start importing Assets/Arts/Main_Kereta_bawah.png using Guid(1d91b0257d10533449b4e267d11239de) Importer(815301076,1909f56bfc062723c751e8b465ee728b)  -> (artifact id: 'a533198022c06d0b3e1088fc6f9736c4') in 0.026999 seconds
  Import took 0.037229 seconds .

========================================================================
Received Prepare
Registering precompiled user dll's ...
Registered in 0.002877 seconds.
Begin MonoManager ReloadAssembly
Native extension for WindowsStandalone target not found
Native extension for WebGL target not found
Refreshing native plugins compatible for Editor in 0.76 ms, found 1 plugins.
Preloading 0 native plugins for Editor in 0.00 ms.
Invoked RoslynAnalysisRunner static constructor.
RoslynAnalysisRunner will not be running.
RoslynAnalysisRunner has terminated.
Mono: successfully reloaded assembly
- Completed reload, in  2.394 seconds
Platform modules already initialized, skipping
Refreshing native plugins compatible for Editor in 0.85 ms, found 1 plugins.
Preloading 0 native plugins for Editor in 0.00 ms.
Unloading 1793 Unused Serialized files (Serialized files now loaded: 0)
System memory in use before: 88.3 MB.
System memory in use after: 88.3 MB.

Unloading 12 unused Assets to reduce memory usage. Loaded Objects now: 2271.
Total: 14.690700 ms (FindLiveObjects: 0.835400 ms CreateObjectMapping: 0.230600 ms MarkObjects: 12.757000 ms  DeleteObjects: 0.862800 ms)

========================================================================
Received Import Request.
  Time since last request: 27.192830 seconds.
  path: Assets/Materials/RailTransparent.mat
  artifactKey: Guid(b77097122de413d4d9814f404f0d064c) Importer(815301076,1909f56bfc062723c751e8b465ee728b)
Start importing Assets/Materials/RailTransparent.mat using Guid(b77097122de413d4d9814f404f0d064c) Importer(815301076,1909f56bfc062723c751e8b465ee728b)  -> (artifact id: '2ad772fc2521d6a59444c25846b05898') in 0.242319 seconds
  Import took 0.256344 seconds .

========================================================================
Received Import Request.
  Time since last request: 0.000650 seconds.
  path: Assets/Materials/Rail.mat
  artifactKey: Guid(03c8ffef58297c74e8ac8c3f511fe938) Importer(815301076,1909f56bfc062723c751e8b465ee728b)
Start importing Assets/Materials/Rail.mat using Guid(03c8ffef58297c74e8ac8c3f511fe938) Importer(815301076,1909f56bfc062723c751e8b465ee728b)  -> (artifact id: 'afb3975bba3d6307ca64d294f303b819') in 0.120342 seconds
  Import took 0.144526 seconds .

========================================================================
Received Import Request.
  Time since last request: 0.005953 seconds.
  path: Assets/Materials/Rail.mat
  artifactKey: Guid(03c8ffef58297c74e8ac8c3f511fe938) Importer(815301076,1909f56bfc062723c751e8b465ee728b)
Start importing Assets/Materials/Rail.mat using Guid(03c8ffef58297c74e8ac8c3f511fe938) Importer(815301076,1909f56bfc062723c751e8b465ee728b)  -> (artifact id: 'afb3975bba3d6307ca64d294f303b819') in 0.044490 seconds
  Import took 0.053352 seconds .

========================================================================
Received Import Request.
  Time since last request: 22.479629 seconds.
  path: Assets/Arts/Rail.png
  artifactKey: Guid(c6ed4e6b01aef5e499af75b9e7bd8bc8) Importer(815301076,1909f56bfc062723c751e8b465ee728b)
Start importing Assets/Arts/Rail.png using Guid(c6ed4e6b01aef5e499af75b9e7bd8bc8) Importer(815301076,1909f56bfc062723c751e8b465ee728b)  -> (artifact id: 'a81d551ae6b1f4a8944cfee5ce4fdc4b') in 0.056834 seconds
  Import took 0.066182 seconds .

========================================================================
Received Import Request.
  Time since last request: 0.000615 seconds.
  path: Assets/Arts/Rail_samping.png
  artifactKey: Guid(ab522de2776895b4e851de145002789c) Importer(815301076,1909f56bfc062723c751e8b465ee728b)
Start importing Assets/Arts/Rail_samping.png using Guid(ab522de2776895b4e851de145002789c) Importer(815301076,1909f56bfc062723c751e8b465ee728b)  -> (artifact id: 'cd60fc809e5c1f738b1ded8c51dfa1f2') in 0.017621 seconds
  Import took 0.025537 seconds .

========================================================================
Received Import Request.
  Time since last request: 0.000392 seconds.
  path: Assets/Arts/Rail.png
  artifactKey: Guid(c6ed4e6b01aef5e499af75b9e7bd8bc8) Importer(815301076,1909f56bfc062723c751e8b465ee728b)
Start importing Assets/Arts/Rail.png using Guid(c6ed4e6b01aef5e499af75b9e7bd8bc8) Importer(815301076,1909f56bfc062723c751e8b465ee728b)  -> (artifact id: 'a81d551ae6b1f4a8944cfee5ce4fdc4b') in 0.020322 seconds
  Import took 0.030176 seconds .

========================================================================
Received Import Request.
  Time since last request: 0.010389 seconds.
  path: Assets/Arts/Rail_samping.png
  artifactKey: Guid(ab522de2776895b4e851de145002789c) Importer(815301076,1909f56bfc062723c751e8b465ee728b)
Start importing Assets/Arts/Rail_samping.png using Guid(ab522de2776895b4e851de145002789c) Importer(815301076,1909f56bfc062723c751e8b465ee728b)  -> (artifact id: 'cd60fc809e5c1f738b1ded8c51dfa1f2') in 0.035429 seconds
  Import took 0.065425 seconds .

========================================================================
Received Import Request.
  Time since last request: 6.451641 seconds.
  path: Assets/Materials/Rail.mat
  artifactKey: Guid(03c8ffef58297c74e8ac8c3f511fe938) Importer(815301076,1909f56bfc062723c751e8b465ee728b)
Start importing Assets/Materials/Rail.mat using Guid(03c8ffef58297c74e8ac8c3f511fe938) Importer(815301076,1909f56bfc062723c751e8b465ee728b)  -> (artifact id: '7492342f20192ebc559ca7cc9ed577e2') in 0.013401 seconds
  Import took 0.018980 seconds .

========================================================================
Received Import Request.
  Time since last request: 0.000430 seconds.
  path: Assets/Materials/RailTransparent.mat
  artifactKey: Guid(b77097122de413d4d9814f404f0d064c) Importer(815301076,1909f56bfc062723c751e8b465ee728b)
Start importing Assets/Materials/RailTransparent.mat using Guid(b77097122de413d4d9814f404f0d064c) Importer(815301076,1909f56bfc062723c751e8b465ee728b)  -> (artifact id: '4c979e708ccb1d28ae86765fa4dd8bed') in 0.044600 seconds
  Import took 0.056577 seconds .

========================================================================
Received Import Request.
  Time since last request: 0.010712 seconds.
  path: Assets/Materials/RailTransparent.mat
  artifactKey: Guid(b77097122de413d4d9814f404f0d064c) Importer(815301076,1909f56bfc062723c751e8b465ee728b)
Start importing Assets/Materials/RailTransparent.mat using Guid(b77097122de413d4d9814f404f0d064c) Importer(815301076,1909f56bfc062723c751e8b465ee728b)  -> (artifact id: '4c979e708ccb1d28ae86765fa4dd8bed') in 0.035037 seconds
  Import took 0.045425 seconds .

========================================================================
Received Prepare
Registering precompiled user dll's ...
Registered in 0.002129 seconds.
Begin MonoManager ReloadAssembly
Native extension for WindowsStandalone target not found
Native extension for WebGL target not found
Refreshing native plugins compatible for Editor in 0.87 ms, found 1 plugins.
Preloading 0 native plugins for Editor in 0.00 ms.
Invoked RoslynAnalysisRunner static constructor.
RoslynAnalysisRunner will not be running.
RoslynAnalysisRunner has terminated.
Mono: successfully reloaded assembly
- Completed reload, in  1.977 seconds
Platform modules already initialized, skipping
Refreshing native plugins compatible for Editor in 1.02 ms, found 1 plugins.
Preloading 0 native plugins for Editor in 0.00 ms.
Unloading 1793 Unused Serialized files (Serialized files now loaded: 0)
System memory in use before: 88.7 MB.
System memory in use after: 88.7 MB.

Unloading 12 unused Assets to reduce memory usage. Loaded Objects now: 2312.
Total: 4.073300 ms (FindLiveObjects: 0.360700 ms CreateObjectMapping: 0.242100 ms MarkObjects: 3.250300 ms  DeleteObjects: 0.217800 ms)

========================================================================
Received Prepare
Registering precompiled user dll's ...
Registered in 0.003095 seconds.
Begin MonoManager ReloadAssembly
Native extension for WindowsStandalone target not found
Native extension for WebGL target not found
Refreshing native plugins compatible for Editor in 0.54 ms, found 1 plugins.
Preloading 0 native plugins for Editor in 0.00 ms.
Invoked RoslynAnalysisRunner static constructor.
RoslynAnalysisRunner will not be running.
RoslynAnalysisRunner has terminated.
Mono: successfully reloaded assembly
- Completed reload, in  2.602 seconds
Platform modules already initialized, skipping
Refreshing native plugins compatible for Editor in 1.44 ms, found 1 plugins.
Preloading 0 native plugins for Editor in 0.00 ms.
Unloading 1793 Unused Serialized files (Serialized files now loaded: 0)
System memory in use before: 88.8 MB.
System memory in use after: 88.8 MB.

Unloading 12 unused Assets to reduce memory usage. Loaded Objects now: 2315.
Total: 4.678500 ms (FindLiveObjects: 0.587800 ms CreateObjectMapping: 0.305100 ms MarkObjects: 3.606400 ms  DeleteObjects: 0.176200 ms)

========================================================================
Received Prepare
Registering precompiled user dll's ...
Registered in 0.001538 seconds.
Begin MonoManager ReloadAssembly
Native extension for WindowsStandalone target not found
Native extension for WebGL target not found
Refreshing native plugins compatible for Editor in 2.52 ms, found 1 plugins.
Preloading 0 native plugins for Editor in 0.00 ms.
Invoked RoslynAnalysisRunner static constructor.
RoslynAnalysisRunner will not be running.
RoslynAnalysisRunner has terminated.
Mono: successfully reloaded assembly
- Completed reload, in  5.072 seconds
Platform modules already initialized, skipping
Refreshing native plugins compatible for Editor in 3.29 ms, found 1 plugins.
Preloading 0 native plugins for Editor in 0.00 ms.
Unloading 1793 Unused Serialized files (Serialized files now loaded: 0)
System memory in use before: 88.9 MB.
System memory in use after: 88.9 MB.

Unloading 12 unused Assets to reduce memory usage. Loaded Objects now: 2318.
Total: 34.382400 ms (FindLiveObjects: 2.965900 ms CreateObjectMapping: 0.462100 ms MarkObjects: 30.588400 ms  DeleteObjects: 0.361300 ms)

========================================================================
Received Prepare
Registering precompiled user dll's ...
Registered in 0.003146 seconds.
Begin MonoManager ReloadAssembly
Native extension for WindowsStandalone target not found
Native extension for WebGL target not found
Refreshing native plugins compatible for Editor in 0.54 ms, found 1 plugins.
Preloading 0 native plugins for Editor in 0.00 ms.
Invoked RoslynAnalysisRunner static constructor.
RoslynAnalysisRunner will not be running.
RoslynAnalysisRunner has terminated.
Mono: successfully reloaded assembly
- Completed reload, in  2.490 seconds
Platform modules already initialized, skipping
Refreshing native plugins compatible for Editor in 0.92 ms, found 1 plugins.
Preloading 0 native plugins for Editor in 0.00 ms.
Unloading 1793 Unused Serialized files (Serialized files now loaded: 0)
System memory in use before: 89.1 MB.
System memory in use after: 89.1 MB.

Unloading 12 unused Assets to reduce memory usage. Loaded Objects now: 2321.
Total: 7.379100 ms (FindLiveObjects: 0.958800 ms CreateObjectMapping: 0.321600 ms MarkObjects: 5.830100 ms  DeleteObjects: 0.265600 ms)

========================================================================
Received Prepare
Registering precompiled user dll's ...
Registered in 0.001585 seconds.
Begin MonoManager ReloadAssembly
Native extension for WindowsStandalone target not found
Native extension for WebGL target not found
Refreshing native plugins compatible for Editor in 0.59 ms, found 1 plugins.
Preloading 0 native plugins for Editor in 0.00 ms.
Invoked RoslynAnalysisRunner static constructor.
RoslynAnalysisRunner will not be running.
RoslynAnalysisRunner has terminated.
Mono: successfully reloaded assembly
- Completed reload, in  4.175 seconds
Platform modules already initialized, skipping
Refreshing native plugins compatible for Editor in 0.95 ms, found 1 plugins.
Preloading 0 native plugins for Editor in 0.00 ms.
Unloading 1793 Unused Serialized files (Serialized files now loaded: 0)
System memory in use before: 89.2 MB.
System memory in use after: 89.2 MB.

Unloading 12 unused Assets to reduce memory usage. Loaded Objects now: 2324.
Total: 14.561400 ms (FindLiveObjects: 0.561300 ms CreateObjectMapping: 0.288900 ms MarkObjects: 13.460500 ms  DeleteObjects: 0.247800 ms)

========================================================================
Received Import Request.
  Time since last request: 876.857869 seconds.
  path: Packages/com.unity.2d.sprite/Editor/ObjectMenuCreation/DefaultAssets/Textures/9-Sliced.png
  artifactKey: Guid(cc35afd292fc349128b36a291fb3a165) Importer(815301076,1909f56bfc062723c751e8b465ee728b)
Start importing Packages/com.unity.2d.sprite/Editor/ObjectMenuCreation/DefaultAssets/Textures/9-Sliced.png using Guid(cc35afd292fc349128b36a291fb3a165) Importer(815301076,1909f56bfc062723c751e8b465ee728b)  -> (artifact id: 'c29d8c61d3047585a6556fcb66a00a93') in 0.323524 seconds
  Import took 0.335716 seconds .

========================================================================
Received Import Request.
  Time since last request: 0.000509 seconds.
  path: Packages/com.unity.2d.sprite/Editor/ObjectMenuCreation/DefaultAssets/Textures/HexagonPointed-Top.png
  artifactKey: Guid(4b2a04fdbe0ef4d8da8f90eaca817cd1) Importer(815301076,1909f56bfc062723c751e8b465ee728b)
Start importing Packages/com.unity.2d.sprite/Editor/ObjectMenuCreation/DefaultAssets/Textures/HexagonPointed-Top.png using Guid(4b2a04fdbe0ef4d8da8f90eaca817cd1) Importer(815301076,1909f56bfc062723c751e8b465ee728b)  -> (artifact id: '1fef426ef0932c7a42be3ac52d566732') in 0.090745 seconds
  Import took 0.102693 seconds .

========================================================================
Received Import Request.
  Time since last request: 0.000709 seconds.
  path: Packages/com.unity.2d.sprite/Editor/ObjectMenuCreation/DefaultAssets/Textures/HexagonFlat-Top.png
  artifactKey: Guid(a9716c16a44a94eed9b5c90fbf4d9bdd) Importer(815301076,1909f56bfc062723c751e8b465ee728b)
Start importing Packages/com.unity.2d.sprite/Editor/ObjectMenuCreation/DefaultAssets/Textures/HexagonFlat-Top.png using Guid(a9716c16a44a94eed9b5c90fbf4d9bdd) Importer(815301076,1909f56bfc062723c751e8b465ee728b)  -> (artifact id: '373664dedaff688bdbacc896136850d4') in 0.094174 seconds
  Import took 0.194671 seconds .

========================================================================
Received Import Request.
  Time since last request: 0.000691 seconds.
  path: Packages/com.unity.2d.sprite/Editor/ObjectMenuCreation/DefaultAssets/Textures/CircleMask.png
  artifactKey: Guid(87aaca0a643d54397ba969dab4fc8875) Importer(815301076,1909f56bfc062723c751e8b465ee728b)
Start importing Packages/com.unity.2d.sprite/Editor/ObjectMenuCreation/DefaultAssets/Textures/CircleMask.png using Guid(87aaca0a643d54397ba969dab4fc8875) Importer(815301076,1909f56bfc062723c751e8b465ee728b)  -> (artifact id: '96399939f0f05682d4f701b26de29b1f') in 0.035888 seconds
  Import took 0.047053 seconds .

========================================================================
Received Import Request.
  Time since last request: 0.000595 seconds.
  path: Packages/com.unity.2d.sprite/Editor/ObjectMenuCreation/DefaultAssets/Textures/Circle.png
  artifactKey: Guid(4adeaf2d2b1c7417e89f026626d8264f) Importer(815301076,1909f56bfc062723c751e8b465ee728b)
Start importing Packages/com.unity.2d.sprite/Editor/ObjectMenuCreation/DefaultAssets/Textures/Circle.png using Guid(4adeaf2d2b1c7417e89f026626d8264f) Importer(815301076,1909f56bfc062723c751e8b465ee728b)  -> (artifact id: 'ed76e26c019c34f504ef77b82b38a507') in 0.057628 seconds
  Import took 0.076248 seconds .

========================================================================
Received Import Request.
  Time since last request: 0.001314 seconds.
  path: Packages/com.unity.2d.sprite/Editor/ObjectMenuCreation/DefaultAssets/Textures/Square.png
  artifactKey: Guid(db750325989564987a34393247d883b4) Importer(815301076,1909f56bfc062723c751e8b465ee728b)
Start importing Packages/com.unity.2d.sprite/Editor/ObjectMenuCreation/DefaultAssets/Textures/Square.png using Guid(db750325989564987a34393247d883b4) Importer(815301076,1909f56bfc062723c751e8b465ee728b)  -> (artifact id: '7c0fc8c3490daba4258f4add0078f3da') in 0.039124 seconds
  Import took 0.049461 seconds .

========================================================================
Received Import Request.
  Time since last request: 0.000603 seconds.
  path: Packages/com.unity.2d.sprite/Editor/ObjectMenuCreation/DefaultAssets/Textures/Capsule.png
  artifactKey: Guid(34587324d412940a79d530020c957dc0) Importer(815301076,1909f56bfc062723c751e8b465ee728b)
Start importing Packages/com.unity.2d.sprite/Editor/ObjectMenuCreation/DefaultAssets/Textures/Capsule.png using Guid(34587324d412940a79d530020c957dc0) Importer(815301076,1909f56bfc062723c751e8b465ee728b)  -> (artifact id: '5f2f3d0262a44391b291c15cf619e7b7') in 0.100019 seconds
  Import took 0.123839 seconds .

========================================================================
Received Import Request.
  Time since last request: 0.000689 seconds.
  path: Packages/com.unity.2d.sprite/Editor/ObjectMenuCreation/DefaultAssets/Textures/IsometricDiamond.png
  artifactKey: Guid(0d267bc78a0864eb48358689b29ed20a) Importer(815301076,1909f56bfc062723c751e8b465ee728b)
Start importing Packages/com.unity.2d.sprite/Editor/ObjectMenuCreation/DefaultAssets/Textures/IsometricDiamond.png using Guid(0d267bc78a0864eb48358689b29ed20a) Importer(815301076,1909f56bfc062723c751e8b465ee728b)  -> (artifact id: '8043acfea8959102ff57cba2c8c32c83') in 0.127737 seconds
  Import took 0.159806 seconds .

========================================================================
Received Import Request.
  Time since last request: 0.020058 seconds.
  path: Packages/com.unity.2d.sprite/Editor/ObjectMenuCreation/DefaultAssets/Textures/IsometricDiamond.png
  artifactKey: Guid(0d267bc78a0864eb48358689b29ed20a) Importer(815301076,1909f56bfc062723c751e8b465ee728b)
Start importing Packages/com.unity.2d.sprite/Editor/ObjectMenuCreation/DefaultAssets/Textures/IsometricDiamond.png using Guid(0d267bc78a0864eb48358689b29ed20a) Importer(815301076,1909f56bfc062723c751e8b465ee728b)  -> (artifact id: '8043acfea8959102ff57cba2c8c32c83') in 0.020194 seconds
  Import took 0.032580 seconds .

========================================================================
Received Import Request.
  Time since last request: 3.118887 seconds.
  path: Assets/Sprites/Background.prefab
  artifactKey: Guid(1790ce7a84ba7e541910518bec8daeab) Importer(815301076,1909f56bfc062723c751e8b465ee728b)
Start importing Assets/Sprites/Background.prefab using Guid(1790ce7a84ba7e541910518bec8daeab) Importer(815301076,1909f56bfc062723c751e8b465ee728b)  -> (artifact id: '25f5b1701474cf40772684000f38eb44') in 0.021776 seconds
  Import took 0.028343 seconds .

========================================================================
Received Import Request.
  Time since last request: 0.000560 seconds.
  path: Assets/Sprites/grass_tile.asset
  artifactKey: Guid(fcc0a1fca06c8fa48a5d2006dd378067) Importer(815301076,1909f56bfc062723c751e8b465ee728b)
Start importing Assets/Sprites/grass_tile.asset using Guid(fcc0a1fca06c8fa48a5d2006dd378067) Importer(815301076,1909f56bfc062723c751e8b465ee728b)  -> (artifact id: 'be646370d5160769223d36393aaced29') in 0.078266 seconds
  Import took 0.090501 seconds .

========================================================================
Received Import Request.
  Time since last request: 68.477658 seconds.
  path: Assets/Arts/Gerbong_Kereta_bawah.png
  artifactKey: Guid(c8a68420b40810a4bb4ebdad36868487) Importer(815301076,1909f56bfc062723c751e8b465ee728b)
Start importing Assets/Arts/Gerbong_Kereta_bawah.png using Guid(c8a68420b40810a4bb4ebdad36868487) Importer(815301076,1909f56bfc062723c751e8b465ee728b)  -> (artifact id: '6e0bb78e137043ebc5e7640c3b4a3a94') in 0.022846 seconds
  Import took 0.089239 seconds .

========================================================================
Received Import Request.
  Time since last request: 0.000814 seconds.
  path: Assets/Arts/Gerbong_Kereta_samping.png
  artifactKey: Guid(3475ca3aeeaee0845b8b289be5f4706a) Importer(815301076,1909f56bfc062723c751e8b465ee728b)
Start importing Assets/Arts/Gerbong_Kereta_samping.png using Guid(3475ca3aeeaee0845b8b289be5f4706a) Importer(815301076,1909f56bfc062723c751e8b465ee728b)  -> (artifact id: 'a38ca7bd09332d430abbd6de93a99d65') in 0.016326 seconds
  Import took 0.029695 seconds .

========================================================================
Received Import Request.
  Time since last request: 0.000839 seconds.
  path: Assets/Arts/Gerbong_Kereta_front.png
  artifactKey: Guid(566c2d264865f2f45ada437555f69f1b) Importer(815301076,1909f56bfc062723c751e8b465ee728b)
Start importing Assets/Arts/Gerbong_Kereta_front.png using Guid(566c2d264865f2f45ada437555f69f1b) Importer(815301076,1909f56bfc062723c751e8b465ee728b)  -> (artifact id: 'f73b9e46e79ef1f61746b3a75566bf8e') in 0.017673 seconds
  Import took 0.024042 seconds .

========================================================================
Received Prepare
Registering precompiled user dll's ...
Registered in 0.002290 seconds.
Begin MonoManager ReloadAssembly
Native extension for WindowsStandalone target not found
Native extension for WebGL target not found
Refreshing native plugins compatible for Editor in 0.74 ms, found 1 plugins.
Preloading 0 native plugins for Editor in 0.00 ms.
Invoked RoslynAnalysisRunner static constructor.
RoslynAnalysisRunner will not be running.
RoslynAnalysisRunner has terminated.
Mono: successfully reloaded assembly
- Completed reload, in  3.076 seconds
Platform modules already initialized, skipping
Refreshing native plugins compatible for Editor in 35.31 ms, found 1 plugins.
Preloading 0 native plugins for Editor in 0.00 ms.
Unloading 1794 Unused Serialized files (Serialized files now loaded: 0)
System memory in use before: 89.4 MB.
System memory in use after: 89.4 MB.

Unloading 12 unused Assets to reduce memory usage. Loaded Objects now: 2340.
Total: 6.717700 ms (FindLiveObjects: 0.859900 ms CreateObjectMapping: 0.407500 ms MarkObjects: 5.156800 ms  DeleteObjects: 0.289200 ms)

========================================================================
Received Import Request.
  Time since last request: 55.520638 seconds.
  path: Assets/Scripts/Gameplay/TrainDirectionGraphic.cs
  artifactKey: Guid(69b4d01be0a2d6044b1fa0fcc5993f90) Importer(815301076,1909f56bfc062723c751e8b465ee728b)
Start importing Assets/Scripts/Gameplay/TrainDirectionGraphic.cs using Guid(69b4d01be0a2d6044b1fa0fcc5993f90) Importer(815301076,1909f56bfc062723c751e8b465ee728b)  -> (artifact id: 'daf6e9ad76b1146f03e1610a92c0ef8e') in 0.019528 seconds
  Import took 0.025224 seconds .

========================================================================
Received Import Request.
  Time since last request: 17.439170 seconds.
  path: Assets/Scripts/Gameplay/TrainAttachment.cs
  artifactKey: Guid(8281766b1b160a446bbcc521ef68f677) Importer(815301076,1909f56bfc062723c751e8b465ee728b)
Start importing Assets/Scripts/Gameplay/TrainAttachment.cs using Guid(8281766b1b160a446bbcc521ef68f677) Importer(815301076,1909f56bfc062723c751e8b465ee728b)  -> (artifact id: '193bac92b75863f1dfa8d4a06930d586') in 0.003434 seconds
  Import took 0.011332 seconds .

========================================================================
Received Import Request.
  Time since last request: 0.210633 seconds.
  path: Assets/Scripts/Gameplay/TrainAttachment.cs
  artifactKey: Guid(8281766b1b160a446bbcc521ef68f677) Importer(815301076,1909f56bfc062723c751e8b465ee728b)
Start importing Assets/Scripts/Gameplay/TrainAttachment.cs using Guid(8281766b1b160a446bbcc521ef68f677) Importer(815301076,1909f56bfc062723c751e8b465ee728b)  -> (artifact id: '193bac92b75863f1dfa8d4a06930d586') in 0.007598 seconds
  Import took 0.015751 seconds .

========================================================================
Received Import Request.
  Time since last request: 2.964070 seconds.
  path: Assets/Scripts/Gameplay/TrainFragment.cs
  artifactKey: Guid(554491c668a39af4a80865df0a2ec320) Importer(815301076,1909f56bfc062723c751e8b465ee728b)
Start importing Assets/Scripts/Gameplay/TrainFragment.cs using Guid(554491c668a39af4a80865df0a2ec320) Importer(815301076,1909f56bfc062723c751e8b465ee728b)  -> (artifact id: 'f611ff287aa8bc970e1f0642206de86d') in 0.009574 seconds
  Import took 0.023476 seconds .

========================================================================
Received Import Request.
  Time since last request: 11.617693 seconds.
  path: Assets/Prefabs/TrainAttachment.prefab
  artifactKey: Guid(6702f2f911ea58a4fbb92c4c35506134) Importer(815301076,1909f56bfc062723c751e8b465ee728b)
Start importing Assets/Prefabs/TrainAttachment.prefab using Guid(6702f2f911ea58a4fbb92c4c35506134) Importer(815301076,1909f56bfc062723c751e8b465ee728b)  -> (artifact id: 'db922a8bd4a0a8500bcdeecacc7d8751') in 0.152911 seconds
  Import took 0.162716 seconds .

========================================================================
Received Import Request.
  Time since last request: 21.097231 seconds.
  path: Assets/Prefabs/TrainAttachment.prefab
  artifactKey: Guid(6702f2f911ea58a4fbb92c4c35506134) Importer(815301076,1909f56bfc062723c751e8b465ee728b)
Start importing Assets/Prefabs/TrainAttachment.prefab using Guid(6702f2f911ea58a4fbb92c4c35506134) Importer(815301076,1909f56bfc062723c751e8b465ee728b)  -> (artifact id: '5bf3e51dd18f6fb0e90669c83301784e') in 0.031248 seconds
  Import took 0.069528 seconds .

========================================================================
Received Prepare
Registering precompiled user dll's ...
Registered in 0.016703 seconds.
Begin MonoManager ReloadAssembly
Native extension for WindowsStandalone target not found
Native extension for WebGL target not found
Refreshing native plugins compatible for Editor in 0.81 ms, found 1 plugins.
Preloading 0 native plugins for Editor in 0.00 ms.
Invoked RoslynAnalysisRunner static constructor.
RoslynAnalysisRunner will not be running.
RoslynAnalysisRunner has terminated.
Mono: successfully reloaded assembly
- Completed reload, in  4.073 seconds
Platform modules already initialized, skipping
Refreshing native plugins compatible for Editor in 0.99 ms, found 1 plugins.
Preloading 0 native plugins for Editor in 0.00 ms.
Unloading 1794 Unused Serialized files (Serialized files now loaded: 0)
System memory in use before: 89.5 MB.
System memory in use after: 89.5 MB.

Unloading 12 unused Assets to reduce memory usage. Loaded Objects now: 2345.
Total: 4.519400 ms (FindLiveObjects: 0.560900 ms CreateObjectMapping: 0.216200 ms MarkObjects: 3.449500 ms  DeleteObjects: 0.289700 ms)

========================================================================
Received Prepare
Registering precompiled user dll's ...
Registered in 0.002799 seconds.
Begin MonoManager ReloadAssembly
Native extension for WindowsStandalone target not found
Native extension for WebGL target not found
Refreshing native plugins compatible for Editor in 1.30 ms, found 1 plugins.
Preloading 0 native plugins for Editor in 0.00 ms.
Invoked RoslynAnalysisRunner static constructor.
RoslynAnalysisRunner will not be running.
RoslynAnalysisRunner has terminated.
Mono: successfully reloaded assembly
- Completed reload, in  5.452 seconds
Platform modules already initialized, skipping
Refreshing native plugins compatible for Editor in 2.03 ms, found 1 plugins.
Preloading 0 native plugins for Editor in 0.00 ms.
Unloading 1794 Unused Serialized files (Serialized files now loaded: 0)
System memory in use before: 89.7 MB.
System memory in use after: 89.7 MB.

Unloading 12 unused Assets to reduce memory usage. Loaded Objects now: 2348.
Total: 9.829000 ms (FindLiveObjects: 0.593000 ms CreateObjectMapping: 0.323600 ms MarkObjects: 8.727800 ms  DeleteObjects: 0.181500 ms)

========================================================================
Received Import Request.
  Time since last request: 301.400514 seconds.
  path: Assets/Prefabs/TrainAttachment.prefab
  artifactKey: Guid(6702f2f911ea58a4fbb92c4c35506134) Importer(815301076,1909f56bfc062723c751e8b465ee728b)
Start importing Assets/Prefabs/TrainAttachment.prefab using Guid(6702f2f911ea58a4fbb92c4c35506134) Importer(815301076,1909f56bfc062723c751e8b465ee728b)  -> (artifact id: '8d0e5f60f83b983b022341db883af531') in 0.430294 seconds
  Import took 0.453543 seconds .

========================================================================
Received Import Request.
  Time since last request: 5.511052 seconds.
  path: Assets/Prefabs/TrainFragment.prefab
  artifactKey: Guid(8c2d9389043725a4cadd623746ed5072) Importer(815301076,1909f56bfc062723c751e8b465ee728b)
Start importing Assets/Prefabs/TrainFragment.prefab using Guid(8c2d9389043725a4cadd623746ed5072) Importer(815301076,1909f56bfc062723c751e8b465ee728b)  -> (artifact id: 'e7a7a260fbd41d8a1538b3a9806db0b5') in 0.039040 seconds
  Import took 0.183899 seconds .

========================================================================
Received Import Request.
  Time since last request: 7.606863 seconds.
  path: Assets/Prefabs/TrainAttachment.prefab
  artifactKey: Guid(6702f2f911ea58a4fbb92c4c35506134) Importer(815301076,1909f56bfc062723c751e8b465ee728b)
Start importing Assets/Prefabs/TrainAttachment.prefab using Guid(6702f2f911ea58a4fbb92c4c35506134) Importer(815301076,1909f56bfc062723c751e8b465ee728b)  -> (artifact id: '66f0bfa21a7176bcda8d1156cb694ad2') in 0.105965 seconds
  Import took 0.118985 seconds .

========================================================================
Received Prepare
Registering precompiled user dll's ...
Registered in 0.002172 seconds.
Begin MonoManager ReloadAssembly
Native extension for WindowsStandalone target not found
Native extension for WebGL target not found
Refreshing native plugins compatible for Editor in 0.61 ms, found 1 plugins.
Preloading 0 native plugins for Editor in 0.00 ms.
Invoked RoslynAnalysisRunner static constructor.
RoslynAnalysisRunner will not be running.
RoslynAnalysisRunner has terminated.
Mono: successfully reloaded assembly
- Completed reload, in  5.237 seconds
Platform modules already initialized, skipping
Refreshing native plugins compatible for Editor in 0.95 ms, found 1 plugins.
Preloading 0 native plugins for Editor in 0.00 ms.
Unloading 1794 Unused Serialized files (Serialized files now loaded: 0)
System memory in use before: 89.8 MB.
System memory in use after: 89.8 MB.

Unloading 12 unused Assets to reduce memory usage. Loaded Objects now: 2352.
Total: 10.361400 ms (FindLiveObjects: 0.588200 ms CreateObjectMapping: 0.265100 ms MarkObjects: 8.269600 ms  DeleteObjects: 1.234700 ms)

========================================================================
Received Import Request.
  Time since last request: 79.613781 seconds.
  path: Assets/Prefabs/TrainFragment.prefab
  artifactKey: Guid(8c2d9389043725a4cadd623746ed5072) Importer(815301076,1909f56bfc062723c751e8b465ee728b)
Start importing Assets/Prefabs/TrainFragment.prefab using Guid(8c2d9389043725a4cadd623746ed5072) Importer(815301076,1909f56bfc062723c751e8b465ee728b)  -> (artifact id: 'cff1f7c25b69079cdb4951b745461fb9') in 0.483824 seconds
  Import took 0.495520 seconds .

========================================================================
Received Import Request.
  Time since last request: 25.061828 seconds.
  path: Assets/Prefabs/TrainFragment.prefab
  artifactKey: Guid(8c2d9389043725a4cadd623746ed5072) Importer(815301076,1909f56bfc062723c751e8b465ee728b)
Start importing Assets/Prefabs/TrainFragment.prefab using Guid(8c2d9389043725a4cadd623746ed5072) Importer(815301076,1909f56bfc062723c751e8b465ee728b)  -> (artifact id: '58003622fe293058b641b233b7cbdbdb') in 0.035360 seconds
  Import took 0.045708 seconds .

========================================================================
Received Import Request.
  Time since last request: 8.714715 seconds.
  path: Assets/Prefabs/TrainFragment.prefab
  artifactKey: Guid(8c2d9389043725a4cadd623746ed5072) Importer(815301076,1909f56bfc062723c751e8b465ee728b)
Start importing Assets/Prefabs/TrainFragment.prefab using Guid(8c2d9389043725a4cadd623746ed5072) Importer(815301076,1909f56bfc062723c751e8b465ee728b)  -> (artifact id: '869b5b7bc0a7eeaf802c18c87fd25d32') in 0.217232 seconds
  Import took 0.406074 seconds .

========================================================================
Received Import Request.
  Time since last request: 10.171074 seconds.
  path: Assets/Prefabs/TrainAttachment.prefab
  artifactKey: Guid(6702f2f911ea58a4fbb92c4c35506134) Importer(815301076,1909f56bfc062723c751e8b465ee728b)
Start importing Assets/Prefabs/TrainAttachment.prefab using Guid(6702f2f911ea58a4fbb92c4c35506134) Importer(815301076,1909f56bfc062723c751e8b465ee728b)  -> (artifact id: 'a5451c3e69c635e0684617dae76b9983') in 0.419492 seconds
  Import took 0.484508 seconds .

========================================================================
Received Import Request.
  Time since last request: 10.046498 seconds.
  path: Assets/Prefabs/TrainHead.prefab
  artifactKey: Guid(9c7ad2df15ecfac4eab1f2f269785e7f) Importer(815301076,1909f56bfc062723c751e8b465ee728b)
Start importing Assets/Prefabs/TrainHead.prefab using Guid(9c7ad2df15ecfac4eab1f2f269785e7f) Importer(815301076,1909f56bfc062723c751e8b465ee728b)  -> (artifact id: '767c943b7e5287a0e0620e1cee37c67f') in 0.486661 seconds
  Import took 0.501816 seconds .

========================================================================
Received Import Request.
  Time since last request: 0.598990 seconds.
  path: Assets/Prefabs/TrainHead.prefab
  artifactKey: Guid(9c7ad2df15ecfac4eab1f2f269785e7f) Importer(815301076,1909f56bfc062723c751e8b465ee728b)
Start importing Assets/Prefabs/TrainHead.prefab using Guid(9c7ad2df15ecfac4eab1f2f269785e7f) Importer(815301076,1909f56bfc062723c751e8b465ee728b)  -> (artifact id: '95a81728705aa4fe0be0ac731a458c1e') in 0.082567 seconds
  Import took 0.111236 seconds .

========================================================================
Received Prepare
Registering precompiled user dll's ...
Registered in 0.012330 seconds.
Begin MonoManager ReloadAssembly
Native extension for WindowsStandalone target not found
Native extension for WebGL target not found
Refreshing native plugins compatible for Editor in 0.55 ms, found 1 plugins.
Preloading 0 native plugins for Editor in 0.00 ms.
Invoked RoslynAnalysisRunner static constructor.
RoslynAnalysisRunner will not be running.
RoslynAnalysisRunner has terminated.
Mono: successfully reloaded assembly
- Completed reload, in  2.726 seconds
Platform modules already initialized, skipping
Refreshing native plugins compatible for Editor in 0.88 ms, found 1 plugins.
Preloading 0 native plugins for Editor in 0.00 ms.
Unloading 1794 Unused Serialized files (Serialized files now loaded: 0)
System memory in use before: 90.0 MB.
System memory in use after: 90.0 MB.

Unloading 12 unused Assets to reduce memory usage. Loaded Objects now: 2356.
Total: 9.274600 ms (FindLiveObjects: 0.613900 ms CreateObjectMapping: 0.436600 ms MarkObjects: 7.883500 ms  DeleteObjects: 0.336400 ms)

========================================================================
Received Prepare
Registering precompiled user dll's ...
Registered in 0.007005 seconds.
Begin MonoManager ReloadAssembly
Native extension for WindowsStandalone target not found
Native extension for WebGL target not found
Refreshing native plugins compatible for Editor in 2.39 ms, found 1 plugins.
Preloading 0 native plugins for Editor in 0.00 ms.
Invoked RoslynAnalysisRunner static constructor.
RoslynAnalysisRunner will not be running.
RoslynAnalysisRunner has terminated.
Mono: successfully reloaded assembly
- Completed reload, in  7.270 seconds
Platform modules already initialized, skipping
Refreshing native plugins compatible for Editor in 1.08 ms, found 1 plugins.
Preloading 0 native plugins for Editor in 0.00 ms.
Unloading 1794 Unused Serialized files (Serialized files now loaded: 0)
System memory in use before: 90.1 MB.
System memory in use after: 90.1 MB.

Unloading 12 unused Assets to reduce memory usage. Loaded Objects now: 2359.
Total: 10.060400 ms (FindLiveObjects: 0.463100 ms CreateObjectMapping: 0.158200 ms MarkObjects: 9.248200 ms  DeleteObjects: 0.188300 ms)

========================================================================
Received Import Request.
  Time since last request: 67.994163 seconds.
  path: Assets/Prefabs/TrainAttachment.prefab
  artifactKey: Guid(6702f2f911ea58a4fbb92c4c35506134) Importer(815301076,1909f56bfc062723c751e8b465ee728b)
Start importing Assets/Prefabs/TrainAttachment.prefab using Guid(6702f2f911ea58a4fbb92c4c35506134) Importer(815301076,1909f56bfc062723c751e8b465ee728b)  -> (artifact id: 'e789c19ddcd18c4d29ce2d5e78918c61') in 1.183874 seconds
  Import took 1.192342 seconds .

========================================================================
Received Prepare
Registering precompiled user dll's ...
Registered in 0.002192 seconds.
Begin MonoManager ReloadAssembly
Native extension for WindowsStandalone target not found
Native extension for WebGL target not found
Refreshing native plugins compatible for Editor in 0.63 ms, found 1 plugins.
Preloading 0 native plugins for Editor in 0.00 ms.
Invoked RoslynAnalysisRunner static constructor.
RoslynAnalysisRunner will not be running.
RoslynAnalysisRunner has terminated.
Mono: successfully reloaded assembly
- Completed reload, in  7.254 seconds
Platform modules already initialized, skipping
Refreshing native plugins compatible for Editor in 1.38 ms, found 1 plugins.
Preloading 0 native plugins for Editor in 0.00 ms.
Unloading 1794 Unused Serialized files (Serialized files now loaded: 0)
System memory in use before: 90.2 MB.
System memory in use after: 90.2 MB.

Unloading 12 unused Assets to reduce memory usage. Loaded Objects now: 2363.
Total: 9.594900 ms (FindLiveObjects: 0.657500 ms CreateObjectMapping: 0.329400 ms MarkObjects: 8.078400 ms  DeleteObjects: 0.525200 ms)

========================================================================
Received Prepare
Registering precompiled user dll's ...
Registered in 0.001545 seconds.
Begin MonoManager ReloadAssembly
Native extension for WindowsStandalone target not found
Native extension for WebGL target not found
Refreshing native plugins compatible for Editor in 2.07 ms, found 1 plugins.
Preloading 0 native plugins for Editor in 0.00 ms.
Invoked RoslynAnalysisRunner static constructor.
RoslynAnalysisRunner will not be running.
RoslynAnalysisRunner has terminated.
Mono: successfully reloaded assembly
- Completed reload, in  9.757 seconds
Platform modules already initialized, skipping
Refreshing native plugins compatible for Editor in 6.43 ms, found 1 plugins.
Preloading 0 native plugins for Editor in 0.00 ms.
Unloading 1794 Unused Serialized files (Serialized files now loaded: 0)
System memory in use before: 90.4 MB.
System memory in use after: 90.4 MB.

Unloading 12 unused Assets to reduce memory usage. Loaded Objects now: 2366.
Total: 21.621000 ms (FindLiveObjects: 0.915000 ms CreateObjectMapping: 9.608200 ms MarkObjects: 10.822700 ms  DeleteObjects: 0.271000 ms)

